@storybook/cli v7.6.16

info => Cleaning outputDir: /var/folders/9w/6plm8_lj36b8yyt_cp9_w48w0000gn/T/chromatic--45896-zqvTktXfkpsr
(node:45971) [DEP0040] DeprecationWarning: The `punycode` module is deprecated. Please use a userland alternative instead.
(Use `node --trace-deprecation ...` to show where the warning was created)
info => Loading presets
info => Building manager..
info => Manager built (245 ms)
info => Building preview..
info => Copying static files: /Users/miami/.yarn/berry/cache/@storybook-manager-npm-7.6.16-8bdc21c727-10c0.zip/node_modules/@storybook/manager/static at /var/folders/9w/6plm8_lj36b8yyt_cp9_w48w0000gn/T/chromatic--45896-zqvTktXfkpsr/sb-common-assets
info => Copying static files: /Users/miami/Desktop/Mine/taskbox/public at /var/folders/9w/6plm8_lj36b8yyt_cp9_w48w0000gn/T/chromatic--45896-zqvTktXfkpsr/
vite v4.5.2 building for production...

./sb-common-assets/fonts.css doesn't exist at build time, it will remain unchanged to be resolved at runtime
transforming...
../../../.yarn/berry/cache/telejson-npm-7.2.0-055e0072e4-10c0.zip/node_modules/telejson/dist/index.mjs (1413:15) Use of eval in "../../../.yarn/berry/cache/telejson-npm-7.2.0-055e0072e4-10c0.zip/node_modules/telejson/dist/index.mjs" is strongly discouraged as it poses security risks and may cause issues with minification.
../../../.yarn/berry/cache/telejson-npm-7.2.0-055e0072e4-10c0.zip/node_modules/telejson/dist/index.mjs (1416:18) Use of eval in "../../../.yarn/berry/cache/telejson-npm-7.2.0-055e0072e4-10c0.zip/node_modules/telejson/dist/index.mjs" is strongly discouraged as it poses security risks and may cause issues with minification.
✓ 850 modules transformed.
rendering chunks...
computing gzip size...
../../../../../var/folders/9w/6plm8_lj36b8yyt_cp9_w48w0000gn/T/chromatic--45896-zqvTktXfkpsr/iframe.html                                     12.58 kB │ gzip:   3.58 kB
../../../../../var/folders/9w/6plm8_lj36b8yyt_cp9_w48w0000gn/T/chromatic--45896-zqvTktXfkpsr/assets/percolate-dac75269.ttf                   34.04 kB
../../../../../var/folders/9w/6plm8_lj36b8yyt_cp9_w48w0000gn/T/chromatic--45896-zqvTktXfkpsr/assets/percolate-ec979d96.woff                  34.11 kB
../../../../../var/folders/9w/6plm8_lj36b8yyt_cp9_w48w0000gn/T/chromatic--45896-zqvTktXfkpsr/assets/percolate-5ed633c2.eot                   34.21 kB
../../../../../var/folders/9w/6plm8_lj36b8yyt_cp9_w48w0000gn/T/chromatic--45896-zqvTktXfkpsr/assets/percolate-d13fa91b.svg                  140.51 kB │ gzip:  46.93 kB
../../../../../var/folders/9w/6plm8_lj36b8yyt_cp9_w48w0000gn/T/chromatic--45896-zqvTktXfkpsr/assets/preview-4f244d89.css                      6.87 kB │ gzip:   2.05 kB
../../../../../var/folders/9w/6plm8_lj36b8yyt_cp9_w48w0000gn/T/chromatic--45896-zqvTktXfkpsr/assets/_commonjs-dynamic-modules-302442b1.js     0.24 kB │ gzip:   0.19 kB
../../../../../var/folders/9w/6plm8_lj36b8yyt_cp9_w48w0000gn/T/chromatic--45896-zqvTktXfkpsr/assets/WithTooltip-V3YHNWJZ-f50d23fe.js          0.44 kB │ gzip:   0.27 kB
../../../../../var/folders/9w/6plm8_lj36b8yyt_cp9_w48w0000gn/T/chromatic--45896-zqvTktXfkpsr/assets/syntaxhighlighter-V7JZZA35-746bed88.js    0.45 kB │ gzip:   0.29 kB
../../../../../var/folders/9w/6plm8_lj36b8yyt_cp9_w48w0000gn/T/chromatic--45896-zqvTktXfkpsr/assets/preview-30cf9611.js                       0.51 kB │ gzip:   0.33 kB
../../../../../var/folders/9w/6plm8_lj36b8yyt_cp9_w48w0000gn/T/chromatic--45896-zqvTktXfkpsr/assets/index-3fd0d1ea.js                         0.58 kB │ gzip:   0.35 kB
../../../../../var/folders/9w/6plm8_lj36b8yyt_cp9_w48w0000gn/T/chromatic--45896-zqvTktXfkpsr/assets/preview-73104b77.js                       0.64 kB │ gzip:   0.45 kB
../../../../../var/folders/9w/6plm8_lj36b8yyt_cp9_w48w0000gn/T/chromatic--45896-zqvTktXfkpsr/assets/_commonjsHelpers-de833af9.js              0.69 kB │ gzip:   0.38 kB
../../../../../var/folders/9w/6plm8_lj36b8yyt_cp9_w48w0000gn/T/chromatic--45896-zqvTktXfkpsr/assets/index-356e4a49.js                         0.77 kB │ gzip:   0.47 kB
../../../../../var/folders/9w/6plm8_lj36b8yyt_cp9_w48w0000gn/T/chromatic--45896-zqvTktXfkpsr/assets/index-8d47fad6.js                         0.80 kB │ gzip:   0.52 kB
../../../../../var/folders/9w/6plm8_lj36b8yyt_cp9_w48w0000gn/T/chromatic--45896-zqvTktXfkpsr/assets/preview-0ef86afd.js                       0.86 kB │ gzip:   0.55 kB
../../../../../var/folders/9w/6plm8_lj36b8yyt_cp9_w48w0000gn/T/chromatic--45896-zqvTktXfkpsr/assets/preview-303ac93f.js                       1.04 kB │ gzip:   0.68 kB
../../../../../var/folders/9w/6plm8_lj36b8yyt_cp9_w48w0000gn/T/chromatic--45896-zqvTktXfkpsr/assets/entry-preview-fb6629d6.js                 1.12 kB │ gzip:   0.66 kB
../../../../../var/folders/9w/6plm8_lj36b8yyt_cp9_w48w0000gn/T/chromatic--45896-zqvTktXfkpsr/assets/index-11d98b33.js                         2.59 kB │ gzip:   1.26 kB
../../../../../var/folders/9w/6plm8_lj36b8yyt_cp9_w48w0000gn/T/chromatic--45896-zqvTktXfkpsr/assets/preview-30b54f76.js                       3.21 kB │ gzip:   1.37 kB
../../../../../var/folders/9w/6plm8_lj36b8yyt_cp9_w48w0000gn/T/chromatic--45896-zqvTktXfkpsr/assets/Task.stories-cd71f1f7.js                  3.66 kB │ gzip:   1.54 kB
../../../../../var/folders/9w/6plm8_lj36b8yyt_cp9_w48w0000gn/T/chromatic--45896-zqvTktXfkpsr/assets/iframe-c020b008.js                        4.64 kB │ gzip:   1.66 kB
../../../../../var/folders/9w/6plm8_lj36b8yyt_cp9_w48w0000gn/T/chromatic--45896-zqvTktXfkpsr/assets/preview-d01b88e8.js                       5.23 kB │ gzip:   2.41 kB
../../../../../var/folders/9w/6plm8_lj36b8yyt_cp9_w48w0000gn/T/chromatic--45896-zqvTktXfkpsr/assets/index-76fb7be0.js                         7.16 kB │ gzip:   2.91 kB
../../../../../var/folders/9w/6plm8_lj36b8yyt_cp9_w48w0000gn/T/chromatic--45896-zqvTktXfkpsr/assets/preview-da31036b.js                       7.62 kB │ gzip:   1.55 kB
../../../../../var/folders/9w/6plm8_lj36b8yyt_cp9_w48w0000gn/T/chromatic--45896-zqvTktXfkpsr/assets/preview-c56bf6ac.js                       8.28 kB │ gzip:   3.17 kB
../../../../../var/folders/9w/6plm8_lj36b8yyt_cp9_w48w0000gn/T/chromatic--45896-zqvTktXfkpsr/assets/index-03bbf7d1.js                        13.51 kB │ gzip:   5.10 kB
../../../../../var/folders/9w/6plm8_lj36b8yyt_cp9_w48w0000gn/T/chromatic--45896-zqvTktXfkpsr/assets/Color-6VNJS4EI-2f3b7e88.js               17.61 kB │ gzip:   6.79 kB
../../../../../var/folders/9w/6plm8_lj36b8yyt_cp9_w48w0000gn/T/chromatic--45896-zqvTktXfkpsr/assets/TaskList.stories-0a656b25.js             32.31 kB │ gzip:  12.03 kB
../../../../../var/folders/9w/6plm8_lj36b8yyt_cp9_w48w0000gn/T/chromatic--45896-zqvTktXfkpsr/assets/preview-7103ba5d.js                      34.23 kB │ gzip:  13.41 kB
../../../../../var/folders/9w/6plm8_lj36b8yyt_cp9_w48w0000gn/T/chromatic--45896-zqvTktXfkpsr/assets/preview-24993a6f.js                      72.11 kB │ gzip:  24.44 kB
../../../../../var/folders/9w/6plm8_lj36b8yyt_cp9_w48w0000gn/T/chromatic--45896-zqvTktXfkpsr/assets/_getPrototype-1e53b583.js                78.40 kB │ gzip:  23.54 kB
../../../../../var/folders/9w/6plm8_lj36b8yyt_cp9_w48w0000gn/T/chromatic--45896-zqvTktXfkpsr/assets/react-18-236157c6.js                    134.55 kB │ gzip:  43.45 kB
../../../../../var/folders/9w/6plm8_lj36b8yyt_cp9_w48w0000gn/T/chromatic--45896-zqvTktXfkpsr/assets/entry-preview-docs-24dc1f7d.js          212.43 kB │ gzip:  66.50 kB
../../../../../var/folders/9w/6plm8_lj36b8yyt_cp9_w48w0000gn/T/chromatic--45896-zqvTktXfkpsr/assets/index-11538ead.js                       375.54 kB │ gzip: 116.25 kB
../../../../../var/folders/9w/6plm8_lj36b8yyt_cp9_w48w0000gn/T/chromatic--45896-zqvTktXfkpsr/assets/DocsRenderer-NNNQARDV-2d38c522.js       540.37 kB │ gzip: 176.44 kB
../../../../../var/folders/9w/6plm8_lj36b8yyt_cp9_w48w0000gn/T/chromatic--45896-zqvTktXfkpsr/assets/axe-18789938.js                         556.58 kB │ gzip: 152.93 kB
../../../../../var/folders/9w/6plm8_lj36b8yyt_cp9_w48w0000gn/T/chromatic--45896-zqvTktXfkpsr/assets/InboxScreen.stories-f49abdb7.js         562.37 kB │ gzip: 149.27 kB
../../../../../var/folders/9w/6plm8_lj36b8yyt_cp9_w48w0000gn/T/chromatic--45896-zqvTktXfkpsr/assets/formatter-SWP5E3XI-c9ed5543.js          601.64 kB │ gzip: 186.24 kB

(!) Some chunks are larger than 500 kBs after minification. Consider:
- Using dynamic import() to code-split the application
- Use build.rollupOptions.output.manualChunks to improve chunking: https://rollupjs.org/configuration-options/#output-manualchunks
- Adjust chunk size limit for this warning via build.chunkSizeWarningLimit.
✓ built in 7.31s
info => Preview built (8.13 s)
info => Output directory: /var/folders/9w/6plm8_lj36b8yyt_cp9_w48w0000gn/T/chromatic--45896-zqvTktXfkpsr
